<?xml version="1.0" encoding="UTF-8"?>
<robot generator="Robot 7.1 (Python 3.12.3 on linux)" generated="2024-09-13T15:14:36.175138" rpa="false" schemaversion="5">
<suite id="s1" name="Tests" source="/home/wesley/Documentos/Automações/OceanoB2B/tests">
<suite id="s1-s1" name="regressao PRD" source="/home/wesley/Documentos/Automações/OceanoB2B/tests/regressao_PRD.robot">
<test id="s1-s1-t1" name="1" line="7">
<kw name="Acessar o site" owner="base_PRD" type="SETUP">
<kw name="New Browser" owner="Browser">
<msg time="2024-09-13T15:14:36.677109" level="INFO">{"browser": "chromium", "headless": false, "chromiumSandbox": false, "devtools": false, "handleSIGHUP": true, "handleSIGINT": true, "handleSIGTERM": true, "slowMo": 0.0, "timeout": 30000.0, "tracesDir": "/home/wesley/Documentos/Automa\u00e7\u00f5es/OceanoB2B/logs/PRD/13092024/1/browser/traces/6be17cef-4676-45ec-8dfd-3b673bd1e043"}</msg>
<msg time="2024-09-13T15:14:37.024516" level="INFO">Successfully created browser with options: {"browser":"chromium","headless":false,"chromiumSandbox":false,"devtools":false,"handleSIGHUP":true,"handleSIGINT":true,"handleSIGTERM":true,"slowMo":0,"timeout":30000,"tracesDir":"/home/wesley/Documentos/Automações/OceanoB2B/logs/PRD/13092024/1/browser/traces/6be17cef-4676-45ec-8dfd-3b673bd1e043"}</msg>
<arg>browser=${BROWSER}</arg>
<arg>headless=${HEADLESS}</arg>
<tag>BrowserControl</tag>
<tag>Setter</tag>
<doc>Create a new playwright Browser with specified options.</doc>
<status status="PASS" start="2024-09-13T15:14:36.676349" elapsed="0.348329"/>
</kw>
<kw name="New Context" owner="Browser">
<msg time="2024-09-13T15:14:37.025860" level="INFO">{
  "acceptDownloads": true,
  "bypassCSP": false,
  "forcedColors": "none",
  "ignoreHTTPSErrors": false,
  "javaScriptEnabled": true,
  "offline": false,
  "reducedMotion": "no-preference",
  "serviceWorkers": "allow",
  "viewport": {
    "height": 768,
    "width": 1366
  }
}</msg>
<msg time="2024-09-13T15:14:37.044122" level="INFO">Successfully created context. </msg>
<msg time="2024-09-13T15:14:37.044193" level="INFO">{'acceptDownloads': True, 'bypassCSP': False, 'forcedColors': 'none', 'ignoreHTTPSErrors': False, 'javaScriptEnabled': True, 'offline': False, 'reducedMotion': 'no-preference', 'serviceWorkers': 'allow', 'viewport': {'height': 768, 'width': 1366}}</msg>
<arg>viewport={'width':1366, 'height':768}</arg>
<tag>BrowserControl</tag>
<tag>Setter</tag>
<doc>Create a new BrowserContext with specified options.</doc>
<status status="PASS" start="2024-09-13T15:14:37.024913" elapsed="0.019381"/>
</kw>
<kw name="New Page" owner="Browser">
<msg time="2024-09-13T15:14:41.373536" level="INFO">Successfully initialized new page object and opened url: https://www.oceanob2b.com/</msg>
<arg>url=${HOME_PAGE}</arg>
<tag>BrowserControl</tag>
<tag>Setter</tag>
<doc>Open a new Page.</doc>
<status status="PASS" start="2024-09-13T15:14:37.044512" elapsed="4.329214"/>
</kw>
<status status="PASS" start="2024-09-13T15:14:36.675579" elapsed="4.698306"/>
</kw>
<kw name="Get JSON" owner="base_PRD">
<kw name="Get File" owner="OperatingSystem">
<msg time="2024-09-13T15:14:41.375320" level="INFO" html="true">Getting file '&lt;a href="file:///home/wesley/Documentos/Automações/OceanoB2B/resources/fixtures/massa_dados_PRD.json"&gt;/home/wesley/Documentos/Automações/OceanoB2B/resources/fixtures/massa_dados_PRD.json&lt;/a&gt;'.</msg>
<msg time="2024-09-13T15:14:41.375530" level="INFO">${arquivo} = {
    "tc1":{
        "produtos":[
            {"produto": "Cadeira"},  
            {"produto": "Cafeteira"},  
            {"produto": "Ventilador"}
        ]       
    }
}</msg>
<var>${arquivo}</var>
<arg>${EXECDIR}/resources/fixtures/${nome_arquivo}</arg>
<doc>Returns the contents of a specified file.</doc>
<status status="PASS" start="2024-09-13T15:14:41.375064" elapsed="0.000516"/>
</kw>
<kw name="Evaluate" owner="BuiltIn">
<msg time="2024-09-13T15:14:41.379189" level="INFO">${super_var} = {'tc1': {'produtos': [{'produto': 'Cadeira'}, {'produto': 'Cafeteira'}, {'produto': 'Ventilador'}]}}</msg>
<var>${super_var}</var>
<arg>json.loads($arquivo)</arg>
<arg>json</arg>
<doc>Evaluates the given expression in Python and returns the result.</doc>
<status status="PASS" start="2024-09-13T15:14:41.375759" elapsed="0.003480"/>
</kw>
<return>
<value>${super_var}</value>
<status status="PASS" start="2024-09-13T15:14:41.379339" elapsed="0.000094"/>
</return>
<msg time="2024-09-13T15:14:41.379622" level="INFO">${dados} = {'tc1': {'produtos': [{'produto': 'Cadeira'}, {'produto': 'Cafeteira'}, {'produto': 'Ventilador'}]}}</msg>
<var>${dados}</var>
<arg>massa_dados_PRD.json</arg>
<status status="PASS" start="2024-09-13T15:14:41.374645" elapsed="0.005009"/>
</kw>
<for flavor="IN">
<iter>
<kw name="Busca no search" owner="actions_PRD">
<kw name="Wait For Elements State" owner="Browser">
<msg time="2024-09-13T15:14:41.488705" level="INFO">Waited for Element with selector css=.search at state visible</msg>
<arg>${Input_Search}</arg>
<arg>visible</arg>
<tag>PageContent</tag>
<tag>Wait</tag>
<doc>Waits for the element found by ``selector`` to satisfy state option.</doc>
<status status="PASS" start="2024-09-13T15:14:41.384242" elapsed="0.104644"/>
</kw>
<kw name="Type Text" owner="Browser">
<msg time="2024-09-13T15:14:41.489928" level="INFO">Types the text 'Cadeira' in the given field.</msg>
<arg>${Input_Search}</arg>
<arg>${produto}</arg>
<tag>PageContent</tag>
<tag>Setter</tag>
<doc>Types the given ``txt`` into the text field found by ``selector``.</doc>
<status status="PASS" start="2024-09-13T15:14:41.489449" elapsed="0.313918"/>
</kw>
<kw name="Wait For Elements State" owner="Browser">
<msg time="2024-09-13T15:14:44.647537" level="INFO">Waited for Element with selector css=.products-busca li:first-of-type at state visible</msg>
<arg>css=.products-busca li:first-of-type</arg>
<tag>PageContent</tag>
<tag>Wait</tag>
<doc>Waits for the element found by ``selector`` to satisfy state option.</doc>
<status status="PASS" start="2024-09-13T15:14:41.803781" elapsed="2.843893"/>
</kw>
<kw name="Click" owner="Browser">
<msg time="2024-09-13T15:14:44.648306" level="INFO">Clicks the element 'css=.search + button'.</msg>
<arg>${Button_Search}</arg>
<tag>PageContent</tag>
<tag>Setter</tag>
<doc>Simulates mouse click on the element found by ``selector``.</doc>
<status status="PASS" start="2024-09-13T15:14:44.647858" elapsed="3.486237"/>
</kw>
<kw name="Wait For Elements State" owner="Browser">
<msg time="2024-09-13T15:14:48.577415" level="INFO">Waited for Element with selector css=.titulo-categoria-nome h1 &gt;&gt; text='Cadeira' at state visible</msg>
<arg>css=.titulo-categoria-nome h1 &gt;&gt; text='${produto}'</arg>
<tag>PageContent</tag>
<tag>Wait</tag>
<doc>Waits for the element found by ``selector`` to satisfy state option.</doc>
<status status="PASS" start="2024-09-13T15:14:48.134335" elapsed="0.443255"/>
</kw>
<arg>${produto["produto"]}</arg>
<status status="PASS" start="2024-09-13T15:14:41.383557" elapsed="7.194150"/>
</kw>
<var name="${produto}">{'produto': 'Cadeira'}</var>
<status status="PASS" start="2024-09-13T15:14:41.383303" elapsed="7.194460"/>
</iter>
<iter>
<kw name="Busca no search" owner="actions_PRD">
<kw name="Wait For Elements State" owner="Browser">
<msg time="2024-09-13T15:14:48.728255" level="INFO">Waited for Element with selector css=.search at state visible</msg>
<arg>${Input_Search}</arg>
<arg>visible</arg>
<tag>PageContent</tag>
<tag>Wait</tag>
<doc>Waits for the element found by ``selector`` to satisfy state option.</doc>
<status status="PASS" start="2024-09-13T15:14:48.578874" elapsed="0.149541"/>
</kw>
<kw name="Type Text" owner="Browser">
<msg time="2024-09-13T15:14:48.729767" level="INFO">Types the text 'Cafeteira' in the given field.</msg>
<arg>${Input_Search}</arg>
<arg>${produto}</arg>
<tag>PageContent</tag>
<tag>Setter</tag>
<doc>Types the given ``txt`` into the text field found by ``selector``.</doc>
<status status="PASS" start="2024-09-13T15:14:48.728601" elapsed="0.149473"/>
</kw>
<kw name="Wait For Elements State" owner="Browser">
<msg time="2024-09-13T15:14:52.976507" level="INFO">Waited for Element with selector css=.products-busca li:first-of-type at state visible</msg>
<arg>css=.products-busca li:first-of-type</arg>
<tag>PageContent</tag>
<tag>Wait</tag>
<doc>Waits for the element found by ``selector`` to satisfy state option.</doc>
<status status="PASS" start="2024-09-13T15:14:48.878281" elapsed="4.098432"/>
</kw>
<kw name="Click" owner="Browser">
<msg time="2024-09-13T15:14:52.977376" level="INFO">Clicks the element 'css=.search + button'.</msg>
<arg>${Button_Search}</arg>
<tag>PageContent</tag>
<tag>Setter</tag>
<doc>Simulates mouse click on the element found by ``selector``.</doc>
<status status="PASS" start="2024-09-13T15:14:52.976901" elapsed="0.577688"/>
</kw>
<kw name="Wait For Elements State" owner="Browser">
<msg time="2024-09-13T15:14:53.880943" level="INFO">Waited for Element with selector css=.titulo-categoria-nome h1 &gt;&gt; text='Cafeteira' at state visible</msg>
<arg>css=.titulo-categoria-nome h1 &gt;&gt; text='${produto}'</arg>
<tag>PageContent</tag>
<tag>Wait</tag>
<doc>Waits for the element found by ``selector`` to satisfy state option.</doc>
<status status="PASS" start="2024-09-13T15:14:53.554833" elapsed="0.326303"/>
</kw>
<arg>${produto["produto"]}</arg>
<status status="PASS" start="2024-09-13T15:14:48.578159" elapsed="5.303093"/>
</kw>
<var name="${produto}">{'produto': 'Cafeteira'}</var>
<status status="PASS" start="2024-09-13T15:14:48.577955" elapsed="5.303350"/>
</iter>
<iter>
<kw name="Busca no search" owner="actions_PRD">
<kw name="Wait For Elements State" owner="Browser">
<msg time="2024-09-13T15:14:53.969515" level="INFO">Waited for Element with selector css=.search at state visible</msg>
<arg>${Input_Search}</arg>
<arg>visible</arg>
<tag>PageContent</tag>
<tag>Wait</tag>
<doc>Waits for the element found by ``selector`` to satisfy state option.</doc>
<status status="PASS" start="2024-09-13T15:14:53.882399" elapsed="0.087302"/>
</kw>
<kw name="Type Text" owner="Browser">
<msg time="2024-09-13T15:14:53.970453" level="INFO">Types the text 'Ventilador' in the given field.</msg>
<arg>${Input_Search}</arg>
<arg>${produto}</arg>
<tag>PageContent</tag>
<tag>Setter</tag>
<doc>Types the given ``txt`` into the text field found by ``selector``.</doc>
<status status="PASS" start="2024-09-13T15:14:53.969882" elapsed="0.069778"/>
</kw>
<kw name="Wait For Elements State" owner="Browser">
<msg time="2024-09-13T15:14:54.996186" level="INFO">Waited for Element with selector css=.products-busca li:first-of-type at state visible</msg>
<arg>css=.products-busca li:first-of-type</arg>
<tag>PageContent</tag>
<tag>Wait</tag>
<doc>Waits for the element found by ``selector`` to satisfy state option.</doc>
<status status="PASS" start="2024-09-13T15:14:54.039864" elapsed="0.956475"/>
</kw>
<kw name="Click" owner="Browser">
<msg time="2024-09-13T15:14:54.997054" level="INFO">Clicks the element 'css=.search + button'.</msg>
<arg>${Button_Search}</arg>
<tag>PageContent</tag>
<tag>Setter</tag>
<doc>Simulates mouse click on the element found by ``selector``.</doc>
<status status="PASS" start="2024-09-13T15:14:54.996550" elapsed="3.166910"/>
</kw>
<kw name="Wait For Elements State" owner="Browser">
<msg time="2024-09-13T15:14:58.515945" level="INFO">Waited for Element with selector css=.titulo-categoria-nome h1 &gt;&gt; text='Ventilador' at state visible</msg>
<arg>css=.titulo-categoria-nome h1 &gt;&gt; text='${produto}'</arg>
<tag>PageContent</tag>
<tag>Wait</tag>
<doc>Waits for the element found by ``selector`` to satisfy state option.</doc>
<status status="PASS" start="2024-09-13T15:14:58.163701" elapsed="0.352434"/>
</kw>
<arg>${produto["produto"]}</arg>
<status status="PASS" start="2024-09-13T15:14:53.881622" elapsed="4.634653"/>
</kw>
<var name="${produto}">{'produto': 'Ventilador'}</var>
<status status="PASS" start="2024-09-13T15:14:53.881450" elapsed="4.634877"/>
</iter>
<var>${produto}</var>
<value>@{dados["tc1"]["produtos"]}</value>
<status status="PASS" start="2024-09-13T15:14:41.380517" elapsed="17.135867"/>
</for>
<kw name="Encerrar teste" owner="base_PRD" type="TEARDOWN">
<kw name="Run Keyword If Test Failed" owner="BuiltIn">
<arg>Take Screenshot</arg>
<arg>embed</arg>
<arg>fullPage=True</arg>
<doc>Runs the given keyword with the given arguments, if the test failed.</doc>
<status status="PASS" start="2024-09-13T15:14:58.517102" elapsed="0.000112"/>
</kw>
<kw name="Close Browser" owner="Browser">
<msg time="2024-09-13T15:14:58.684801" level="INFO">Closed browser</msg>
<tag>BrowserControl</tag>
<tag>Setter</tag>
<doc>Closes the current browser.</doc>
<status status="PASS" start="2024-09-13T15:14:58.517339" elapsed="0.167611"/>
</kw>
<status status="PASS" start="2024-09-13T15:14:58.516745" elapsed="0.168339"/>
</kw>
<tag>001- Realizar compra via página de categoria, com novo usuário no checkout e pagamentos via cartão(compra não finalizada)</tag>
<status status="PASS" start="2024-09-13T15:14:36.672219" elapsed="22.012994"/>
</test>
<doc>Esta suite de testes tem como objetivo, validar que o site está vendendo.</doc>
<status status="PASS" start="2024-09-13T15:14:36.200362" elapsed="22.492101"/>
</suite>
<status status="PASS" start="2024-09-13T15:14:36.175989" elapsed="22.522096"/>
</suite>
<statistics>
<total>
<stat pass="1" fail="0" skip="0">All Tests</stat>
</total>
<tag>
<stat pass="1" fail="0" skip="0">001- Realizar compra via página de categoria, com novo usuário no checkout e pagamentos via cartão(compra não finalizada)</stat>
</tag>
<suite>
<stat pass="1" fail="0" skip="0" id="s1" name="Tests">Tests</stat>
<stat pass="1" fail="0" skip="0" id="s1-s1" name="regressao PRD">Tests.regressao PRD</stat>
</suite>
</statistics>
<errors>
</errors>
</robot>
